{
  "RSpec": {
    "coverage": {
      "/Users/kscriver/Flatirons/Playground/rails_stuff/building_internal_apis/config/environment.rb": [
        null,
        1,
        null,
        null,
        1
      ],
      "/Users/kscriver/Flatirons/Playground/rails_stuff/building_internal_apis/config/application.rb": [
        1,
        null,
        1,
        null,
        1,
        1,
        1,
        1,
        1,
        1,
        1,
        1,
        null,
        null,
        null,
        null,
        null,
        1,
        null,
        1,
        1,
        null,
        1,
        null,
        null,
        null,
        null,
        null,
        null,
        null,
        null,
        null,
        1,
        null,
        null
      ],
      "/Users/kscriver/Flatirons/Playground/rails_stuff/building_internal_apis/config/boot.rb": [
        1,
        null,
        1,
        1
      ],
      "/Users/kscriver/Flatirons/Playground/rails_stuff/building_internal_apis/config/environments/test.rb": [
        1,
        null,
        null,
        null,
        null,
        null,
        null,
        1,
        null,
        null,
        null,
        null,
        1,
        null,
        null,
        1,
        1,
        null,
        null,
        null,
        null,
        1,
        1,
        null,
        null,
        1,
        null,
        null,
        1,
        null,
        null,
        1,
        null,
        1,
        null,
        null,
        null,
        null,
        1,
        null,
        null,
        1,
        null,
        null,
        null,
        null
      ],
      "/Users/kscriver/Flatirons/Playground/rails_stuff/building_internal_apis/config/initializers/application_controller_renderer.rb": [
        null,
        null,
        null,
        null,
        null,
        null,
        null,
        null
      ],
      "/Users/kscriver/Flatirons/Playground/rails_stuff/building_internal_apis/config/initializers/backtrace_silencers.rb": [
        null,
        null,
        null,
        null,
        null,
        null,
        null
      ],
      "/Users/kscriver/Flatirons/Playground/rails_stuff/building_internal_apis/config/initializers/cors.rb": [
        null,
        null,
        null,
        null,
        null,
        null,
        null,
        null,
        null,
        null,
        null,
        null,
        null,
        null,
        null,
        null
      ],
      "/Users/kscriver/Flatirons/Playground/rails_stuff/building_internal_apis/config/initializers/filter_parameter_logging.rb": [
        null,
        null,
        null,
        1
      ],
      "/Users/kscriver/Flatirons/Playground/rails_stuff/building_internal_apis/config/initializers/inflections.rb": [
        null,
        null,
        null,
        null,
        null,
        null,
        null,
        null,
        null,
        null,
        null,
        null,
        null,
        null,
        null,
        null
      ],
      "/Users/kscriver/Flatirons/Playground/rails_stuff/building_internal_apis/config/initializers/mime_types.rb": [
        null,
        null,
        null,
        null
      ],
      "/Users/kscriver/Flatirons/Playground/rails_stuff/building_internal_apis/config/initializers/wrap_parameters.rb": [
        null,
        null,
        null,
        null,
        null,
        null,
        1,
        2,
        null,
        null,
        null,
        null,
        null,
        null
      ],
      "/Users/kscriver/Flatirons/Playground/rails_stuff/building_internal_apis/spec/factories/items.rb": [
        1,
        1,
        4,
        4,
        null,
        null
      ],
      "/Users/kscriver/Flatirons/Playground/rails_stuff/building_internal_apis/config/routes.rb": [
        1,
        1,
        1,
        1,
        null,
        null,
        null
      ],
      "/Users/kscriver/Flatirons/Playground/rails_stuff/building_internal_apis/app/models/item.rb": [
        1,
        null
      ],
      "/Users/kscriver/Flatirons/Playground/rails_stuff/building_internal_apis/app/models/application_record.rb": [
        1,
        1,
        null
      ],
      "/Users/kscriver/Flatirons/Playground/rails_stuff/building_internal_apis/app/controllers/api/v1/items_controller.rb": [
        1,
        null,
        null
      ],
      "/Users/kscriver/Flatirons/Playground/rails_stuff/building_internal_apis/app/controllers/application_controller.rb": [
        1,
        null
      ]
    },
    "timestamp": 1561049578
  }
}
